  Ccdexamp.c
c:\entw\pcie\64bit\ex2cofifo_jungo\GLOBAL.h(80): warning C4005: 'WINNT': macro redefinition
  c:\entw\pcie\64bit\ex2cofifo_jungo\GLOBAL.h(80): note: command-line arguments:  see previous definition of 'WINNT'
c:\entw\pcie\64bit\ex2cofifo_jungo\GLOBAL.h(282): warning C4047: 'initializing': 'INT_PTR' differs in levels of indirection from 'void *'
c:\entw\pcie\64bit\ex2cofifo_jungo\CCDUNIT.C(334): warning C4013: 'GetCursorPosition' undefined; assuming extern returning int
c:\entw\pcie\64bit\ex2cofifo_jungo\CCDUNIT.C(337): warning C4018: '>': signed/unsigned mismatch
c:\entw\pcie\64bit\ex2cofifo_jungo\CCDUNIT.C(553): warning C4244: 'function': conversion from 'ULONG' to 'UINT8', possible loss of data
c:\entw\pcie\64bit\ex2cofifo_jungo\CCDUNIT.C(570): warning C4244: 'function': conversion from 'ULONG' to 'UINT8', possible loss of data
c:\entw\pcie\64bit\ex2cofifo_jungo\CCDUNIT.C(624): warning C4477: 'sprintf_s' : format string '%i' requires an argument of type 'int', but variadic argument 1 has type 'DWORD64'
  c:\entw\pcie\64bit\ex2cofifo_jungo\CCDUNIT.C(624): note: consider using '%lli' in the format string
  c:\entw\pcie\64bit\ex2cofifo_jungo\CCDUNIT.C(624): note: consider using '%Ii' in the format string
  c:\entw\pcie\64bit\ex2cofifo_jungo\CCDUNIT.C(624): note: consider using '%I64i' in the format string
c:\entw\pcie\64bit\ex2cofifo_jungo\CCDUNIT.C(624): warning C4477: 'sprintf_s' : format string '%i' requires an argument of type 'int', but variadic argument 2 has type 'DWORD64'
  c:\entw\pcie\64bit\ex2cofifo_jungo\CCDUNIT.C(624): note: consider using '%lli' in the format string
  c:\entw\pcie\64bit\ex2cofifo_jungo\CCDUNIT.C(624): note: consider using '%Ii' in the format string
  c:\entw\pcie\64bit\ex2cofifo_jungo\CCDUNIT.C(624): note: consider using '%I64i' in the format string
c:\entw\pcie\64bit\ex2cofifo_jungo\CCDUNIT.C(441): warning C4101: 'fn': unreferenced local variable
c:\entw\pcie\64bit\ex2cofifo_jungo\CCDUNIT.C(454): warning C4101: 'val': unreferenced local variable
c:\entw\pcie\64bit\ex2cofifo_jungo\CCDUNIT.C(438): warning C4101: 'test': unreferenced local variable
c:\entw\pcie\64bit\ex2cofifo_jungo\CCDUNIT.C(447): warning C4101: 'TrmsString': unreferenced local variable
c:\entw\pcie\64bit\ex2cofifo_jungo\BOARD.C : warning C4821: Unable to determine Unicode encoding type, please save the file with signature (BOM)
Ccdexamp.c(99): error C2198: 'CCDDrvInit': too few arguments for call
Ccdexamp.c(110): error C2065: 'NUMBER_OF_BOARDS': undeclared identifier
Ccdexamp.c(181): warning C4244: 'return': conversion from 'WPARAM' to 'int', possible loss of data
Ccdexamp.c(76): warning C4996: 'GetVersion': was declared deprecated
  C:\Program Files (x86)\Windows Kits\10\Include\10.0.17763.0\um\sysinfoapi.h(135): note: see declaration of 'GetVersion'
Ccdexamp.c(325): error C2065: 'aPIXEL': undeclared identifier
Ccdexamp.c(325): error C2109: subscript requires array or pointer type
Ccdexamp.c(340): warning C4013: 'ReadLongDMA' undefined; assuming extern returning int
Ccdexamp.c(299): warning C4996: 'sprintf': This function or variable may be unsafe. Consider using sprintf_s instead. To disable deprecation, use _CRT_SECURE_NO_WARNINGS. See online help for details.
  C:\Program Files (x86)\Windows Kits\10\Include\10.0.17763.0\ucrt\stdio.h(1774): note: see declaration of 'sprintf'
Ccdexamp.c(308): warning C4996: 'sprintf': This function or variable may be unsafe. Consider using sprintf_s instead. To disable deprecation, use _CRT_SECURE_NO_WARNINGS. See online help for details.
  C:\Program Files (x86)\Windows Kits\10\Include\10.0.17763.0\ucrt\stdio.h(1774): note: see declaration of 'sprintf'
Ccdexamp.c(314): warning C4996: 'sprintf': This function or variable may be unsafe. Consider using sprintf_s instead. To disable deprecation, use _CRT_SECURE_NO_WARNINGS. See online help for details.
  C:\Program Files (x86)\Windows Kits\10\Include\10.0.17763.0\ucrt\stdio.h(1774): note: see declaration of 'sprintf'
Ccdexamp.c(316): warning C4996: 'sprintf': This function or variable may be unsafe. Consider using sprintf_s instead. To disable deprecation, use _CRT_SECURE_NO_WARNINGS. See online help for details.
  C:\Program Files (x86)\Windows Kits\10\Include\10.0.17763.0\ucrt\stdio.h(1774): note: see declaration of 'sprintf'
Ccdexamp.c(321): warning C4996: 'sprintf': This function or variable may be unsafe. Consider using sprintf_s instead. To disable deprecation, use _CRT_SECURE_NO_WARNINGS. See online help for details.
  C:\Program Files (x86)\Windows Kits\10\Include\10.0.17763.0\ucrt\stdio.h(1774): note: see declaration of 'sprintf'
Ccdexamp.c(323): warning C4996: 'sprintf': This function or variable may be unsafe. Consider using sprintf_s instead. To disable deprecation, use _CRT_SECURE_NO_WARNINGS. See online help for details.
  C:\Program Files (x86)\Windows Kits\10\Include\10.0.17763.0\ucrt\stdio.h(1774): note: see declaration of 'sprintf'
Ccdexamp.c(326): warning C4996: 'sprintf': This function or variable may be unsafe. Consider using sprintf_s instead. To disable deprecation, use _CRT_SECURE_NO_WARNINGS. See online help for details.
  C:\Program Files (x86)\Windows Kits\10\Include\10.0.17763.0\ucrt\stdio.h(1774): note: see declaration of 'sprintf'
Ccdexamp.c(336): warning C4996: 'sprintf': This function or variable may be unsafe. Consider using sprintf_s instead. To disable deprecation, use _CRT_SECURE_NO_WARNINGS. See online help for details.
  C:\Program Files (x86)\Windows Kits\10\Include\10.0.17763.0\ucrt\stdio.h(1774): note: see declaration of 'sprintf'
Ccdexamp.c(339): warning C4996: 'sprintf': This function or variable may be unsafe. Consider using sprintf_s instead. To disable deprecation, use _CRT_SECURE_NO_WARNINGS. See online help for details.
  C:\Program Files (x86)\Windows Kits\10\Include\10.0.17763.0\ucrt\stdio.h(1774): note: see declaration of 'sprintf'
Ccdexamp.c(341): warning C4996: 'sprintf': This function or variable may be unsafe. Consider using sprintf_s instead. To disable deprecation, use _CRT_SECURE_NO_WARNINGS. See online help for details.
  C:\Program Files (x86)\Windows Kits\10\Include\10.0.17763.0\ucrt\stdio.h(1774): note: see declaration of 'sprintf'
Ccdexamp.c(561): warning C4996: 'sprintf': This function or variable may be unsafe. Consider using sprintf_s instead. To disable deprecation, use _CRT_SECURE_NO_WARNINGS. See online help for details.
  C:\Program Files (x86)\Windows Kits\10\Include\10.0.17763.0\ucrt\stdio.h(1774): note: see declaration of 'sprintf'
Ccdexamp.c(673): warning C4244: '=': conversion from 'LRESULT' to 'DWORD', possible loss of data
Ccdexamp.c(674): warning C4244: '=': conversion from 'LRESULT' to 'DWORD', possible loss of data
Ccdexamp.c(893): error C2065: 'NUMBER_OF_BOARDS': undeclared identifier
Ccdexamp.c(1143): warning C4013: 'FreeMemInfo' undefined; assuming extern returning int
Ccdexamp.c(1147): warning C4244: 'function': conversion from 'UINT64' to 'UINT', possible loss of data
Ccdexamp.c(1173): warning C4013: 'BufLock' undefined; assuming extern returning int
Ccdexamp.c(1215): warning C4244: 'function': conversion from 'UINT64' to 'UINT', possible loss of data
Ccdexamp.c(1248): warning C4244: 'function': conversion from 'UINT64' to 'UINT', possible loss of data
Ccdexamp.c(1249): warning C4244: 'function': conversion from 'UINT64' to 'UINT', possible loss of data
Ccdexamp.c(1253): warning C4244: 'function': conversion from 'UINT64' to 'UINT', possible loss of data
Ccdexamp.c(1283): error C2065: 'NUMBER_OF_BOARDS': undeclared identifier
Ccdexamp.c(1319): error C2065: 'BOARD_SEL': undeclared identifier
